<?xml version="1.0" encoding="UTF-8"?>
<!-- Generated by org.testng.reporters.JUnitReportReporter -->
<testsuite hostname="st-Precision-3530" failures="0" tests="8" name="com.tcartSite.Tcarts_Food_PreOrder" time="186.766" errors="0" timestamp="2023-09-07T18:31:27 IST" skipped="0">
  <testcase classname="com.tcartSite.Tcarts_Food_PreOrder" name="browserLaunch" time="1.514"/>
  <testcase classname="com.tcartSite.Tcarts_Food_PreOrder" name="dashboard" time="11.007"/>
  <testcase classname="com.tcartSite.Tcarts_Food_PreOrder" name="sales" time="30.443"/>
  <testcase classname="com.tcartSite.Tcarts_Food_PreOrder" name="canteen" time="53.332"/>
  <testcase classname="com.tcartSite.Tcarts_Food_PreOrder" name="Dishes" time="37.070"/>
  <testcase classname="com.tcartSite.Tcarts_Food_PreOrder" name="reports" time="32.603"/>
  <testcase classname="com.tcartSite.Tcarts_Food_PreOrder" name="feedback" time="15.084"/>
  <testcase classname="com.tcartSite.Tcarts_Food_PreOrder" name="logout" time="5.713"/>
</testsuite> <!-- com.tcartSite.Tcarts_Food_PreOrder -->
